0 info it worked if it ends with ok
1 verbose cli [ 'node', '/usr/local/bin/npm', 'install', '-g', 'react-tools' ]
2 info using npm@1.3.21
3 info using node@v0.10.24
4 verbose cache add [ 'react-tools', null ]
5 verbose cache add name=undefined spec="react-tools" args=["react-tools",null]
6 verbose parsed url { protocol: null,
6 verbose parsed url   slashes: null,
6 verbose parsed url   auth: null,
6 verbose parsed url   host: null,
6 verbose parsed url   port: null,
6 verbose parsed url   hostname: null,
6 verbose parsed url   hash: null,
6 verbose parsed url   search: null,
6 verbose parsed url   query: null,
6 verbose parsed url   pathname: 'react-tools',
6 verbose parsed url   path: 'react-tools',
6 verbose parsed url   href: 'react-tools' }
7 silly lockFile 0f761efe-react-tools react-tools
8 verbose lock react-tools /Users/aarondruck/.npm/0f761efe-react-tools.lock
9 silly lockFile 0f761efe-react-tools react-tools
10 silly lockFile 0f761efe-react-tools react-tools
11 verbose addNamed [ 'react-tools', '' ]
12 verbose addNamed [ null, '*' ]
13 silly lockFile 47fcd5e0-react-tools react-tools@
14 verbose lock react-tools@ /Users/aarondruck/.npm/47fcd5e0-react-tools.lock
15 silly addNameRange { name: 'react-tools', range: '*', hasData: false }
16 verbose url raw react-tools
17 verbose url resolving [ 'https://registry.npmjs.org/', './react-tools' ]
18 verbose url resolved https://registry.npmjs.org/react-tools
19 info trying registry request attempt 1 at 11:23:20
20 http GET https://registry.npmjs.org/react-tools
21 http 200 https://registry.npmjs.org/react-tools
22 silly registry.get cb [ 200,
22 silly registry.get   { date: 'Thu, 16 Jan 2014 19:23:20 GMT',
22 silly registry.get     server: 'CouchDB/1.5.0 (Erlang OTP/R15B03)',
22 silly registry.get     etag: '"RRP9TCV3NPD6NHGQGY2VLFPH"',
22 silly registry.get     'content-type': 'application/json',
22 silly registry.get     'content-length': '65711',
22 silly registry.get     'accept-ranges': 'bytes',
22 silly registry.get     via: '1.1 varnish',
22 silly registry.get     age: '0',
22 silly registry.get     'x-served-by': 'cache-sv94-SJC3',
22 silly registry.get     'x-cache': 'MISS',
22 silly registry.get     'x-cache-hits': '0',
22 silly registry.get     'x-timer': 'S1389900200.649686813,VS0,VE183',
22 silly registry.get     vary: 'Accept',
22 silly registry.get     'keep-alive': 'timeout=10, max=50',
22 silly registry.get     connection: 'Keep-Alive' } ]
23 silly addNameRange number 2 { name: 'react-tools', range: '*', hasData: true }
24 silly addNameRange versions [ 'react-tools',
24 silly addNameRange   [ '0.3.0',
24 silly addNameRange     '0.3.1',
24 silly addNameRange     '0.3.2',
24 silly addNameRange     '0.3.3',
24 silly addNameRange     '0.4.0',
24 silly addNameRange     '0.4.1',
24 silly addNameRange     '0.5.0',
24 silly addNameRange     '0.5.1',
24 silly addNameRange     '0.4.2',
24 silly addNameRange     '0.5.2',
24 silly addNameRange     '0.8.0' ] ]
25 verbose addNamed [ 'react-tools', '0.8.0' ]
26 verbose addNamed [ '0.8.0', '0.8.0' ]
27 silly lockFile e35b230d-react-tools-0-8-0 react-tools@0.8.0
28 verbose lock react-tools@0.8.0 /Users/aarondruck/.npm/e35b230d-react-tools-0-8-0.lock
29 silly lockFile 78d8f596-eact-tools-react-tools-0-8-0-tgz https://registry.npmjs.org/react-tools/-/react-tools-0.8.0.tgz
30 verbose lock https://registry.npmjs.org/react-tools/-/react-tools-0.8.0.tgz /Users/aarondruck/.npm/78d8f596-eact-tools-react-tools-0-8-0-tgz.lock
31 verbose addRemoteTarball [ 'https://registry.npmjs.org/react-tools/-/react-tools-0.8.0.tgz',
31 verbose addRemoteTarball   '6dd33a007cee4d51560f14b8fa035bdb3fcd92db' ]
32 info retry fetch attempt 1 at 11:23:20
33 verbose fetch to= /var/folders/yt/93xh50k11j3_x7nszjctdc_40000gn/T/npm-10238-3o29fxyp/1389900200886-0.8732120376080275/tmp.tgz
34 http GET https://registry.npmjs.org/react-tools/-/react-tools-0.8.0.tgz
35 http 200 https://registry.npmjs.org/react-tools/-/react-tools-0.8.0.tgz
36 verbose tar unpack /var/folders/yt/93xh50k11j3_x7nszjctdc_40000gn/T/npm-10238-3o29fxyp/1389900200886-0.8732120376080275/tmp.tgz
37 silly lockFile e9d2fb1c-00886-0-8732120376080275-package tar:///var/folders/yt/93xh50k11j3_x7nszjctdc_40000gn/T/npm-10238-3o29fxyp/1389900200886-0.8732120376080275/package
38 verbose lock tar:///var/folders/yt/93xh50k11j3_x7nszjctdc_40000gn/T/npm-10238-3o29fxyp/1389900200886-0.8732120376080275/package /Users/aarondruck/.npm/e9d2fb1c-00886-0-8732120376080275-package.lock
39 silly lockFile 3243803e-00886-0-8732120376080275-tmp-tgz tar:///var/folders/yt/93xh50k11j3_x7nszjctdc_40000gn/T/npm-10238-3o29fxyp/1389900200886-0.8732120376080275/tmp.tgz
40 verbose lock tar:///var/folders/yt/93xh50k11j3_x7nszjctdc_40000gn/T/npm-10238-3o29fxyp/1389900200886-0.8732120376080275/tmp.tgz /Users/aarondruck/.npm/3243803e-00886-0-8732120376080275-tmp-tgz.lock
41 silly gunzTarPerm modes [ '755', '644' ]
42 silly gunzTarPerm extractEntry package.json
43 silly gunzTarPerm extractEntry README.md
44 silly gunzTarPerm extractEntry main.js
45 silly gunzTarPerm extractEntry bin/jsx
46 silly gunzTarPerm extractEntry build/modules/$.js
47 silly gunzTarPerm extractEntry build/modules/ReactPropTypes.js
48 silly gunzTarPerm extractEntry build/modules/ReactReconcileTransaction.js
49 silly gunzTarPerm extractEntry build/modules/ReactServerRendering.js
50 silly gunzTarPerm extractEntry build/modules/ReactPropTransferer.js
51 silly gunzTarPerm extractEntry build/modules/ReactTextComponent.js
52 silly gunzTarPerm extractEntry build/modules/ReactTransitionEvents.js
53 silly gunzTarPerm extractEntry build/modules/ReactTransitionGroup.js
54 silly gunzTarPerm extractEntry build/modules/ReactTransitionKeySet.js
55 silly gunzTarPerm extractEntry build/modules/ReactTransitionableChild.js
56 silly gunzTarPerm extractEntry build/modules/ReactPerf.js
57 silly gunzTarPerm extractEntry build/modules/ReactUpdates.js
58 silly gunzTarPerm extractEntry build/modules/ReactOwner.js
59 silly gunzTarPerm extractEntry build/modules/ReactWithAddons.js
60 silly gunzTarPerm extractEntry build/modules/ReactMultiChildUpdateTypes.js
61 silly gunzTarPerm extractEntry build/modules/SelectEventPlugin.js
62 silly gunzTarPerm extractEntry build/modules/ReactMultiChild.js
63 silly gunzTarPerm extractEntry build/modules/SimpleEventPlugin.js
64 silly gunzTarPerm extractEntry build/modules/ReactMountReady.js
65 silly gunzTarPerm extractEntry build/modules/SyntheticClipboardEvent.js
66 silly gunzTarPerm extractEntry build/modules/ReactMount.js
67 silly gunzTarPerm extractEntry build/modules/SyntheticCompositionEvent.js
68 silly gunzTarPerm extractEntry build/modules/ReactMarkupChecksum.js
69 silly gunzTarPerm extractEntry build/modules/SyntheticEvent.js
70 silly gunzTarPerm extractEntry build/modules/ReactLink.js
71 silly gunzTarPerm extractEntry build/modules/SyntheticFocusEvent.js
72 silly gunzTarPerm extractEntry build/modules/ReactInstanceHandles.js
73 silly gunzTarPerm extractEntry build/modules/SyntheticKeyboardEvent.js
74 silly gunzTarPerm extractEntry build/modules/ReactInputSelection.js
75 silly gunzTarPerm extractEntry build/modules/SyntheticMouseEvent.js
76 silly gunzTarPerm extractEntry build/modules/ReactEventTopLevelCallback.js
77 silly gunzTarPerm extractEntry build/modules/SyntheticTouchEvent.js
78 silly gunzTarPerm extractEntry build/modules/ReactEventEmitterMixin.js
79 silly gunzTarPerm extractEntry build/modules/SyntheticUIEvent.js
80 silly gunzTarPerm extractEntry build/modules/ReactEventEmitter.js
81 silly gunzTarPerm extractEntry build/modules/SyntheticWheelEvent.js
82 silly gunzTarPerm extractEntry build/modules/ReactErrorUtils.js
83 silly gunzTarPerm extractEntry build/modules/Transaction.js
84 silly gunzTarPerm extractEntry build/modules/ReactDefaultPerf.js
85 silly gunzTarPerm extractEntry build/modules/ViewportMetrics.js
86 silly gunzTarPerm extractEntry build/modules/ReactDefaultInjection.js
87 silly gunzTarPerm extractEntry build/modules/accumulate.js
88 silly gunzTarPerm extractEntry build/modules/ReactDefaultBatchingStrategy.js
89 silly gunzTarPerm extractEntry build/modules/adler32.js
90 silly gunzTarPerm extractEntry build/modules/ReactDOMTextarea.js
91 silly gunzTarPerm extractEntry build/modules/containsNode.js
92 silly gunzTarPerm extractEntry build/modules/ReactDOMSelection.js
93 silly gunzTarPerm extractEntry build/modules/copyProperties.js
94 silly gunzTarPerm extractEntry build/modules/ReactDOMSelect.js
95 silly gunzTarPerm extractEntry build/modules/createArrayFrom.js
96 silly gunzTarPerm extractEntry build/modules/ReactDOMOption.js
97 silly gunzTarPerm extractEntry build/modules/createNodesFromMarkup.js
98 silly gunzTarPerm extractEntry build/modules/ReactDOMInput.js
99 silly gunzTarPerm extractEntry build/modules/createObjectFrom.js
100 silly gunzTarPerm extractEntry build/modules/ReactDOMIDOperations.js
101 silly gunzTarPerm extractEntry build/modules/cx.js
102 silly gunzTarPerm extractEntry build/modules/ReactDOMForm.js
103 silly gunzTarPerm extractEntry build/modules/dangerousStyleValue.js
104 silly gunzTarPerm extractEntry build/modules/ReactDOMComponent.js
105 silly gunzTarPerm extractEntry build/modules/emptyFunction.js
106 silly gunzTarPerm extractEntry build/modules/ReactDOMButton.js
107 silly gunzTarPerm extractEntry build/modules/escapeTextForBrowser.js
108 silly gunzTarPerm extractEntry build/modules/ReactDOM.js
109 silly gunzTarPerm extractEntry build/modules/ex.js
110 silly gunzTarPerm extractEntry build/modules/ReactCurrentOwner.js
111 silly gunzTarPerm extractEntry build/modules/filterAttributes.js
112 silly gunzTarPerm extractEntry build/modules/ReactCompositeComponent.js
113 silly gunzTarPerm extractEntry build/modules/flattenChildren.js
114 silly gunzTarPerm extractEntry build/modules/ReactComponentEnvironment.js
115 silly gunzTarPerm extractEntry build/modules/forEachAccumulated.js
116 silly gunzTarPerm extractEntry build/modules/ReactComponentBrowserEnvironment.js
117 silly gunzTarPerm extractEntry build/modules/ge.js
118 silly gunzTarPerm extractEntry build/modules/ReactComponent.js
119 silly gunzTarPerm extractEntry build/modules/getActiveElement.js
120 silly gunzTarPerm extractEntry build/modules/ReactChildren.js
121 silly gunzTarPerm extractEntry build/modules/getEventTarget.js
122 silly gunzTarPerm extractEntry build/modules/React.js
123 silly gunzTarPerm extractEntry build/modules/getMarkupWrap.js
124 silly gunzTarPerm extractEntry build/modules/PooledClass.js
125 silly gunzTarPerm extractEntry build/modules/getNodeForCharacterOffset.js
126 silly gunzTarPerm extractEntry build/modules/MobileSafariClickEventPlugin.js
127 silly gunzTarPerm extractEntry build/modules/getReactRootElementInContainer.js
128 silly gunzTarPerm extractEntry build/modules/LinkedValueMixin.js
129 silly gunzTarPerm extractEntry build/modules/getTextContentAccessor.js
130 silly gunzTarPerm extractEntry build/modules/LinkedStateMixin.js
131 silly gunzTarPerm extractEntry build/modules/getUnboundedScrollPosition.js
132 silly gunzTarPerm extractEntry build/modules/ExecutionEnvironment.js
133 silly gunzTarPerm extractEntry build/modules/hyphenate.js
134 silly gunzTarPerm extractEntry build/modules/EventPropagators.js
135 silly gunzTarPerm extractEntry build/modules/invariant.js
136 silly gunzTarPerm extractEntry build/modules/EventPluginUtils.js
137 silly gunzTarPerm extractEntry build/modules/isEventSupported.js
138 silly gunzTarPerm extractEntry build/modules/EventPluginRegistry.js
139 silly gunzTarPerm extractEntry build/modules/isNode.js
140 silly gunzTarPerm extractEntry build/modules/EventPluginHub.js
141 silly gunzTarPerm extractEntry build/modules/isTextInputElement.js
142 silly gunzTarPerm extractEntry build/modules/EventListener.js
143 silly gunzTarPerm extractEntry build/modules/isTextNode.js
144 silly gunzTarPerm extractEntry build/modules/EventConstants.js
145 silly gunzTarPerm extractEntry build/modules/joinClasses.js
146 silly gunzTarPerm extractEntry build/modules/EnterLeaveEventPlugin.js
147 silly gunzTarPerm extractEntry build/modules/keyMirror.js
148 silly gunzTarPerm extractEntry build/modules/DefaultEventPluginOrder.js
149 silly gunzTarPerm extractEntry build/modules/keyOf.js
150 silly gunzTarPerm extractEntry build/modules/DefaultDOMPropertyConfig.js
151 silly gunzTarPerm extractEntry build/modules/memoizeStringOnly.js
152 silly gunzTarPerm extractEntry build/modules/Danger.js
153 silly gunzTarPerm extractEntry build/modules/merge.js
154 silly gunzTarPerm extractEntry build/modules/DOMPropertyOperations.js
155 silly gunzTarPerm extractEntry build/modules/mergeHelpers.js
156 silly gunzTarPerm extractEntry build/modules/DOMProperty.js
157 silly gunzTarPerm extractEntry build/modules/mergeInto.js
158 silly gunzTarPerm extractEntry build/modules/DOMChildrenOperations.js
159 silly gunzTarPerm extractEntry build/modules/mixInto.js
160 silly gunzTarPerm extractEntry build/modules/CompositionEventPlugin.js
161 silly gunzTarPerm extractEntry build/modules/mutateHTMLNodeWithMarkup.js
162 silly gunzTarPerm extractEntry build/modules/ChangeEventPlugin.js
163 silly gunzTarPerm extractEntry build/modules/objMap.js
164 silly gunzTarPerm extractEntry build/modules/CallbackRegistry.js
165 silly gunzTarPerm extractEntry build/modules/objMapKeyVal.js
166 silly gunzTarPerm extractEntry build/modules/CSSPropertyOperations.js
167 silly gunzTarPerm extractEntry build/modules/performanceNow.js
168 silly gunzTarPerm extractEntry build/modules/CSSProperty.js
169 silly gunzTarPerm extractEntry build/modules/shallowEqual.js
170 silly gunzTarPerm extractEntry build/modules/CSSCore.js
171 silly gunzTarPerm extractEntry build/modules/traverseAllChildren.js
172 silly gunzTarPerm extractEntry build/modules/ReactStateSetters.js
173 silly gunzTarPerm extractEntry src/package.json
174 silly gunzTarPerm extractEntry src/ReactWithAddons.js
175 silly gunzTarPerm extractEntry src/event/CallbackRegistry.js
176 silly gunzTarPerm extractEntry src/event/EventConstants.js
177 silly gunzTarPerm extractEntry src/event/EventPluginHub.js
178 silly gunzTarPerm extractEntry src/event/EventPluginRegistry.js
179 silly gunzTarPerm extractEntry src/event/EventPluginUtils.js
180 silly gunzTarPerm extractEntry src/event/EventPropagators.js
181 silly gunzTarPerm extractEntry src/event/__tests__/EventPluginRegistry-test.js
182 silly gunzTarPerm extractEntry src/event/synthetic/SyntheticClipboardEvent.js
183 silly gunzTarPerm extractEntry src/event/synthetic/SyntheticCompositionEvent.js
184 silly gunzTarPerm extractEntry src/event/synthetic/SyntheticEvent.js
185 silly gunzTarPerm extractEntry src/event/synthetic/SyntheticFocusEvent.js
186 silly gunzTarPerm extractEntry src/event/synthetic/SyntheticKeyboardEvent.js
187 silly gunzTarPerm extractEntry src/event/synthetic/SyntheticMouseEvent.js
188 silly gunzTarPerm extractEntry src/event/synthetic/SyntheticTouchEvent.js
189 silly gunzTarPerm extractEntry src/event/synthetic/SyntheticUIEvent.js
190 silly gunzTarPerm extractEntry src/event/synthetic/SyntheticWheelEvent.js
191 silly gunzTarPerm extractEntry src/event/synthetic/__tests__/SyntheticEvent-test.js
192 silly gunzTarPerm extractEntry src/event/synthetic/__tests__/SyntheticWheelEvent-test.js
193 silly gunzTarPerm extractEntry src/core/React.js
194 silly gunzTarPerm extractEntry src/core/ReactDefaultInjection.js
195 silly gunzTarPerm extractEntry src/core/ReactDoNotBindDeprecated.js
196 silly gunzTarPerm extractEntry src/core/ReactEventEmitter.js
197 silly gunzTarPerm extractEntry src/core/ReactDefaultBatchingStrategy.js
198 silly gunzTarPerm extractEntry src/core/ReactComponent.js
199 silly gunzTarPerm extractEntry src/core/ReactInputSelection.js
200 silly gunzTarPerm extractEntry src/core/ReactInstanceHandles.js
201 silly gunzTarPerm extractEntry src/core/ReactMount.js
202 silly gunzTarPerm extractEntry src/core/ReactMountReady.js
203 silly gunzTarPerm extractEntry src/core/ReactDOMSelection.js
204 silly gunzTarPerm extractEntry src/core/ReactMultiChild.js
205 silly gunzTarPerm extractEntry src/core/ReactDOMIDOperations.js
206 silly gunzTarPerm extractEntry src/core/ReactMultiChildUpdateTypes.js
207 silly gunzTarPerm extractEntry src/core/ReactDOMComponent.js
208 silly gunzTarPerm extractEntry src/core/ReactOwner.js
209 silly gunzTarPerm extractEntry src/core/ReactDOM.js
210 silly gunzTarPerm extractEntry src/core/ReactPropTransferer.js
211 silly gunzTarPerm extractEntry src/core/ReactCurrentOwner.js
212 silly gunzTarPerm extractEntry src/core/ReactPropTypes.js
213 silly gunzTarPerm extractEntry src/core/ReactCompositeComponent.js
214 silly gunzTarPerm extractEntry src/core/ReactReconcileTransaction.js
215 silly gunzTarPerm extractEntry src/core/ReactComponentWithPureRenderMixin.js
216 silly gunzTarPerm extractEntry src/core/ReactStateSetters.js
217 silly gunzTarPerm extractEntry src/core/ReactComponentEnvironment.js
218 silly gunzTarPerm extractEntry src/core/ReactTextComponent.js
219 silly gunzTarPerm extractEntry src/core/ReactComponentBrowserEnvironment.js
220 silly gunzTarPerm extractEntry src/core/ReactUpdates.js
221 silly gunzTarPerm extractEntry src/core/ReactEventEmitterMixin.js
222 silly gunzTarPerm extractEntry src/core/getReactRootElementInContainer.js
223 silly gunzTarPerm extractEntry src/core/ReactEventTopLevelCallback.js
224 silly gunzTarPerm extractEntry src/core/__tests__/ReactBind-test.js
225 silly gunzTarPerm extractEntry src/core/__tests__/ReactDOMComponent-test.js
226 silly gunzTarPerm extractEntry src/core/__tests__/ReactDOMIDOperations-test.js
227 silly gunzTarPerm extractEntry src/core/__tests__/ReactEventEmitter-test.js
228 silly gunzTarPerm extractEntry src/core/__tests__/ReactIdentity-test.js
229 silly gunzTarPerm extractEntry src/core/__tests__/ReactDOM-test.js
230 silly gunzTarPerm extractEntry src/core/__tests__/ReactMount-test.js
231 silly gunzTarPerm extractEntry src/core/__tests__/ReactMountDestruction-test.js
232 silly gunzTarPerm extractEntry src/core/__tests__/ReactMultiChild-test.js
233 silly gunzTarPerm extractEntry src/core/__tests__/ReactMultiChildReconcile-test.js
234 silly gunzTarPerm extractEntry src/core/__tests__/ReactMultiChildText-test.js
235 silly gunzTarPerm extractEntry src/core/__tests__/ReactCompositeComponentState-test.js
236 silly gunzTarPerm extractEntry src/core/__tests__/ReactPropTransferer-test.js
237 silly gunzTarPerm extractEntry src/core/__tests__/ReactCompositeComponentSpec-test.js
238 silly gunzTarPerm extractEntry src/core/__tests__/ReactPropTypes-test.js
239 silly gunzTarPerm extractEntry src/core/__tests__/ReactCompositeComponentMixin-test.js
240 silly gunzTarPerm extractEntry src/core/__tests__/ReactRenderDocument-test.js
241 silly gunzTarPerm extractEntry src/core/__tests__/ReactCompositeComponentError-test.js
242 silly gunzTarPerm extractEntry src/core/__tests__/ReactStateSetters-test.js
243 silly gunzTarPerm extractEntry src/core/__tests__/ReactCompositeComponentDOMMinimalism-test.js
244 silly gunzTarPerm extractEntry src/core/__tests__/ReactTextComponent-test.js
245 silly gunzTarPerm extractEntry src/core/__tests__/ReactCompositeComponent-test.js
246 silly gunzTarPerm extractEntry src/core/__tests__/ReactUpdates-test.js
247 silly gunzTarPerm extractEntry src/core/__tests__/ReactComponentLifeCycle-test.js
248 silly gunzTarPerm extractEntry src/core/__tests__/refs-destruction-test.js
249 silly gunzTarPerm extractEntry src/core/__tests__/ReactComponent-test.js
250 silly gunzTarPerm extractEntry src/core/__tests__/refs-test.js
251 silly gunzTarPerm extractEntry src/core/__tests__/ReactInstanceHandles-test.js
252 silly gunzTarPerm extractEntry src/dom/CSSProperty.js
253 silly gunzTarPerm extractEntry src/dom/DOMPropertyOperations.js
254 silly gunzTarPerm extractEntry src/dom/Danger.js
255 silly gunzTarPerm extractEntry src/dom/DefaultDOMPropertyConfig.js
256 silly gunzTarPerm extractEntry src/dom/ViewportMetrics.js
257 silly gunzTarPerm extractEntry src/dom/DOMProperty.js
258 silly gunzTarPerm extractEntry src/dom/isEventSupported.js
259 silly gunzTarPerm extractEntry src/dom/dangerousStyleValue.js
260 silly gunzTarPerm extractEntry src/dom/filterAttributes.js
261 silly gunzTarPerm extractEntry src/dom/getEventTarget.js
262 silly gunzTarPerm extractEntry src/dom/getNodeForCharacterOffset.js
263 silly gunzTarPerm extractEntry src/dom/DOMChildrenOperations.js
264 silly gunzTarPerm extractEntry src/dom/getTextContentAccessor.js
265 silly gunzTarPerm extractEntry src/dom/CSSPropertyOperations.js
266 silly gunzTarPerm extractEntry src/dom/mutateHTMLNodeWithMarkup.js
267 silly gunzTarPerm extractEntry src/dom/components/LinkedValueMixin.js
268 silly gunzTarPerm extractEntry src/dom/components/ReactDOMButton.js
269 silly gunzTarPerm extractEntry src/dom/components/ReactDOMForm.js
270 silly gunzTarPerm extractEntry src/dom/components/ReactDOMInput.js
271 silly gunzTarPerm extractEntry src/dom/components/ReactDOMOption.js
272 silly gunzTarPerm extractEntry src/dom/components/ReactDOMSelect.js
273 silly gunzTarPerm extractEntry src/dom/components/ReactDOMTextarea.js
274 silly gunzTarPerm extractEntry src/dom/components/__tests__/ReactDOMButton-test.js
275 silly gunzTarPerm extractEntry src/dom/components/__tests__/ReactDOMInput-test.js
276 silly gunzTarPerm extractEntry src/dom/components/__tests__/ReactDOMSelect-test.js
277 silly gunzTarPerm extractEntry src/dom/components/__tests__/ReactDOMTextarea-test.js
278 silly gunzTarPerm extractEntry src/dom/__tests__/CSSPropertyOperations-test.js
279 silly gunzTarPerm extractEntry src/dom/__tests__/DOMPropertyOperations-test.js
280 silly gunzTarPerm extractEntry src/dom/__tests__/Danger-test.js
281 silly gunzTarPerm extractEntry src/dom/__tests__/getNodeForCharacterOffset-test.js
282 silly gunzTarPerm extractEntry src/dom/__tests__/mutateHTMLNodeWithMarkup-test.js
283 silly gunzTarPerm extractEntry src/environment/ReactMarkupChecksum.js
284 silly gunzTarPerm extractEntry src/environment/ReactServerRendering.js
285 silly gunzTarPerm extractEntry src/environment/__tests__/ReactServerRendering-test.js
286 silly gunzTarPerm extractEntry src/environment/__tests__/ReactWebWorker-test.js
287 silly gunzTarPerm extractEntry src/.jshintrc
288 silly gunzTarPerm extractEntry src/eventPlugins/AnalyticsEventPluginFactory.js
289 silly gunzTarPerm extractEntry src/eventPlugins/CompositionEventPlugin.js
290 silly gunzTarPerm extractEntry src/eventPlugins/DefaultEventPluginOrder.js
291 silly gunzTarPerm extractEntry src/eventPlugins/EnterLeaveEventPlugin.js
292 silly gunzTarPerm extractEntry src/eventPlugins/ChangeEventPlugin.js
293 silly gunzTarPerm extractEntry src/eventPlugins/ResponderEventPlugin.js
294 silly gunzTarPerm extractEntry src/eventPlugins/SelectEventPlugin.js
295 silly gunzTarPerm extractEntry src/eventPlugins/SimpleEventPlugin.js
296 silly gunzTarPerm extractEntry src/eventPlugins/TapEventPlugin.js
297 silly gunzTarPerm extractEntry src/eventPlugins/MobileSafariClickEventPlugin.js
298 silly gunzTarPerm extractEntry src/eventPlugins/__tests__/AnalyticsEventPlugin-test.js
299 silly gunzTarPerm extractEntry src/eventPlugins/__tests__/ResponderEventPlugin-test.js
300 silly gunzTarPerm extractEntry src/addons/link/LinkedStateMixin.js
301 silly gunzTarPerm extractEntry src/addons/link/ReactLink.js
302 silly gunzTarPerm extractEntry src/addons/link/__tests__/LinkedStateMixin-test.js
303 silly gunzTarPerm extractEntry src/addons/transitions/ReactTransitionEvents.js
304 silly gunzTarPerm extractEntry src/addons/transitions/ReactTransitionGroup.js
305 silly gunzTarPerm extractEntry src/addons/transitions/ReactTransitionKeySet.js
306 silly gunzTarPerm extractEntry src/addons/transitions/ReactTransitionableChild.js
307 silly gunzTarPerm extractEntry src/addons/transitions/__tests__/ReactTransitionGroup-test.js
308 silly gunzTarPerm extractEntry src/addons/transitions/__tests__/ReactTransitionKeySet-test.js
309 silly gunzTarPerm extractEntry src/addons/transitions/__tests__/ReactTransitionableChild-test.js
310 silly gunzTarPerm extractEntry src/test/ReactDefaultPerf.js
311 silly gunzTarPerm extractEntry src/test/ReactTestUtils.js
312 silly gunzTarPerm extractEntry src/test/all.js
313 silly gunzTarPerm extractEntry src/test/getTestDocument.js
314 silly gunzTarPerm extractEntry src/test/mock-modules.js
315 silly gunzTarPerm extractEntry src/test/ReactPerf.js
316 silly gunzTarPerm extractEntry src/test/mocks.js
317 silly gunzTarPerm extractEntry src/test/performanceNow.js
318 silly gunzTarPerm extractEntry src/test/phantomjs-shims.js
319 silly gunzTarPerm extractEntry src/test/reactComponentExpect.js
320 silly gunzTarPerm extractEntry src/test/worker.js
321 silly gunzTarPerm extractEntry src/test/mock-timers.js
322 silly gunzTarPerm extractEntry src/utils/ImmutableObject.js
323 silly gunzTarPerm extractEntry src/utils/flattenChildren.js
324 silly gunzTarPerm extractEntry src/utils/forEachAccumulated.js
325 silly gunzTarPerm extractEntry src/utils/isTextInputElement.js
326 silly gunzTarPerm extractEntry src/utils/escapeTextForBrowser.js
327 silly gunzTarPerm extractEntry src/utils/OrderedMap.js
328 silly gunzTarPerm extractEntry src/utils/memoizeStringOnly.js
329 silly gunzTarPerm extractEntry src/utils/merge.js
330 silly gunzTarPerm extractEntry src/utils/mergeDeep.js
331 silly gunzTarPerm extractEntry src/utils/mergeDeepInto.js
332 silly gunzTarPerm extractEntry src/utils/adler32.js
333 silly gunzTarPerm extractEntry src/utils/mergeHelpers.js
334 silly gunzTarPerm extractEntry src/utils/accumulate.js
335 silly gunzTarPerm extractEntry src/utils/mergeInto.js
336 silly gunzTarPerm extractEntry src/utils/sliceChildren.js
337 silly gunzTarPerm extractEntry src/utils/mixInto.js
338 silly gunzTarPerm extractEntry src/utils/Transaction.js
339 silly gunzTarPerm extractEntry src/utils/objMapKeyVal.js
340 silly gunzTarPerm extractEntry src/utils/ReactChildren.js
341 silly gunzTarPerm extractEntry src/utils/onlyChild.js
342 silly gunzTarPerm extractEntry src/utils/PooledClass.js
343 silly gunzTarPerm extractEntry src/utils/shallowEqual.js
344 silly gunzTarPerm extractEntry src/utils/joinClasses.js
345 silly gunzTarPerm extractEntry src/utils/traverseAllChildren.js
346 silly gunzTarPerm extractEntry src/utils/keyMirror.js
347 silly gunzTarPerm extractEntry src/utils/__tests__/ImmutableObject-test.js
348 silly gunzTarPerm extractEntry src/utils/__tests__/ReactChildren-test.js
349 silly gunzTarPerm extractEntry src/utils/__tests__/Transaction-test.js
350 silly gunzTarPerm extractEntry src/utils/__tests__/escapeTextForBrowser-test.js
351 silly gunzTarPerm extractEntry src/utils/__tests__/joinClasses-test.js
352 silly gunzTarPerm extractEntry src/utils/__tests__/OrderedMap-test.js
353 silly gunzTarPerm extractEntry src/utils/__tests__/memoizeStringOnly-test.js
354 silly gunzTarPerm extractEntry src/utils/__tests__/mergeFuncs-test.js
355 silly gunzTarPerm extractEntry src/utils/__tests__/onlyChild-test.js
356 silly gunzTarPerm extractEntry src/utils/__tests__/sliceChildren-test.js
357 silly gunzTarPerm extractEntry src/utils/__tests__/traverseAllChildren-test.js
358 silly gunzTarPerm extractEntry src/utils/__tests__/keyMirror-test.js
359 silly gunzTarPerm extractEntry src/vendor/core/$.js
360 silly gunzTarPerm extractEntry src/vendor/core/copyProperties.js
361 silly gunzTarPerm extractEntry src/vendor/core/createArrayFrom.js
362 silly gunzTarPerm extractEntry src/vendor/core/createNodesFromMarkup.js
363 silly gunzTarPerm extractEntry src/vendor/core/createObjectFrom.js
364 silly gunzTarPerm extractEntry src/vendor/core/TouchEventUtils.js
365 silly gunzTarPerm extractEntry src/vendor/core/emptyFunction.js
366 silly gunzTarPerm extractEntry src/vendor/core/ge.js
367 silly gunzTarPerm extractEntry src/vendor/core/getMarkupWrap.js
368 silly gunzTarPerm extractEntry src/vendor/core/hyphenate.js
369 silly gunzTarPerm extractEntry src/vendor/core/invariant.js
370 silly gunzTarPerm extractEntry src/vendor/core/ExecutionEnvironment.js
371 silly gunzTarPerm extractEntry src/vendor/core/keyOf.js
372 silly gunzTarPerm extractEntry src/vendor/core/CSSCore.js
373 silly gunzTarPerm extractEntry src/vendor/core/objMap.js
374 silly gunzTarPerm extractEntry src/vendor/core/dom/containsNode.js
375 silly gunzTarPerm extractEntry src/vendor/core/dom/getActiveElement.js
376 silly gunzTarPerm extractEntry src/vendor/core/dom/getUnboundedScrollPosition.js
377 silly gunzTarPerm extractEntry src/vendor/core/dom/isNode.js
378 silly gunzTarPerm extractEntry src/vendor/core/dom/isTextNode.js
379 silly gunzTarPerm extractEntry src/vendor/error/erx.js
380 silly gunzTarPerm extractEntry src/vendor/error/ex.js
381 silly gunzTarPerm extractEntry src/vendor/error/__tests__/erx-test.js
382 silly gunzTarPerm extractEntry src/vendor/error/__tests__/ex-test.js
383 silly gunzTarPerm extractEntry src/vendor/stubs/README
384 silly gunzTarPerm extractEntry src/vendor/stubs/Env.js
385 silly gunzTarPerm extractEntry src/vendor/stubs/EventListener.js
386 silly gunzTarPerm extractEntry src/vendor/stubs/ReactErrorUtils.js
387 silly gunzTarPerm extractEntry src/vendor/stubs/URI.js
388 silly gunzTarPerm extractEntry src/vendor/stubs/cx.js
389 silly gunzTarPerm extractEntry vendor/constants.js
390 silly gunzTarPerm extractEntry vendor/fbtransform/syntax.js
391 silly gunzTarPerm extractEntry vendor/fbtransform/visitors.js
392 silly gunzTarPerm extractEntry vendor/fbtransform/transforms/react.js
393 silly gunzTarPerm extractEntry vendor/fbtransform/transforms/reactDisplayName.js
394 silly gunzTarPerm extractEntry vendor/fbtransform/transforms/xjs.js
395 silly lockFile e9d2fb1c-00886-0-8732120376080275-package tar:///var/folders/yt/93xh50k11j3_x7nszjctdc_40000gn/T/npm-10238-3o29fxyp/1389900200886-0.8732120376080275/package
396 silly lockFile e9d2fb1c-00886-0-8732120376080275-package tar:///var/folders/yt/93xh50k11j3_x7nszjctdc_40000gn/T/npm-10238-3o29fxyp/1389900200886-0.8732120376080275/package
397 silly lockFile 3243803e-00886-0-8732120376080275-tmp-tgz tar:///var/folders/yt/93xh50k11j3_x7nszjctdc_40000gn/T/npm-10238-3o29fxyp/1389900200886-0.8732120376080275/tmp.tgz
398 silly lockFile 3243803e-00886-0-8732120376080275-tmp-tgz tar:///var/folders/yt/93xh50k11j3_x7nszjctdc_40000gn/T/npm-10238-3o29fxyp/1389900200886-0.8732120376080275/tmp.tgz
399 verbose tar pack [ '/Users/aarondruck/.npm/react-tools/0.8.0/package.tgz',
399 verbose tar pack   '/var/folders/yt/93xh50k11j3_x7nszjctdc_40000gn/T/npm-10238-3o29fxyp/1389900200886-0.8732120376080275/package' ]
400 verbose tarball /Users/aarondruck/.npm/react-tools/0.8.0/package.tgz
401 verbose folder /var/folders/yt/93xh50k11j3_x7nszjctdc_40000gn/T/npm-10238-3o29fxyp/1389900200886-0.8732120376080275/package
402 silly lockFile e9d2fb1c-00886-0-8732120376080275-package tar:///var/folders/yt/93xh50k11j3_x7nszjctdc_40000gn/T/npm-10238-3o29fxyp/1389900200886-0.8732120376080275/package
403 verbose lock tar:///var/folders/yt/93xh50k11j3_x7nszjctdc_40000gn/T/npm-10238-3o29fxyp/1389900200886-0.8732120376080275/package /Users/aarondruck/.npm/e9d2fb1c-00886-0-8732120376080275-package.lock
404 silly lockFile 880cc08e-pm-react-tools-0-8-0-package-tgz tar:///Users/aarondruck/.npm/react-tools/0.8.0/package.tgz
405 verbose lock tar:///Users/aarondruck/.npm/react-tools/0.8.0/package.tgz /Users/aarondruck/.npm/880cc08e-pm-react-tools-0-8-0-package-tgz.lock
406 silly lockFile e9d2fb1c-00886-0-8732120376080275-package tar:///var/folders/yt/93xh50k11j3_x7nszjctdc_40000gn/T/npm-10238-3o29fxyp/1389900200886-0.8732120376080275/package
407 silly lockFile e9d2fb1c-00886-0-8732120376080275-package tar:///var/folders/yt/93xh50k11j3_x7nszjctdc_40000gn/T/npm-10238-3o29fxyp/1389900200886-0.8732120376080275/package
408 silly lockFile 880cc08e-pm-react-tools-0-8-0-package-tgz tar:///Users/aarondruck/.npm/react-tools/0.8.0/package.tgz
409 silly lockFile 880cc08e-pm-react-tools-0-8-0-package-tgz tar:///Users/aarondruck/.npm/react-tools/0.8.0/package.tgz
410 silly lockFile ac3099c5-ck-npm-react-tools-0-8-0-package /Users/aarondruck/.npm/react-tools/0.8.0/package
411 verbose lock /Users/aarondruck/.npm/react-tools/0.8.0/package /Users/aarondruck/.npm/ac3099c5-ck-npm-react-tools-0-8-0-package.lock
412 silly lockFile ac3099c5-ck-npm-react-tools-0-8-0-package /Users/aarondruck/.npm/react-tools/0.8.0/package
413 silly lockFile ac3099c5-ck-npm-react-tools-0-8-0-package /Users/aarondruck/.npm/react-tools/0.8.0/package
414 verbose tar unpack /Users/aarondruck/.npm/react-tools/0.8.0/package.tgz
415 silly lockFile 97a21c82-ck-npm-react-tools-0-8-0-package tar:///Users/aarondruck/.npm/react-tools/0.8.0/package
416 verbose lock tar:///Users/aarondruck/.npm/react-tools/0.8.0/package /Users/aarondruck/.npm/97a21c82-ck-npm-react-tools-0-8-0-package.lock
417 silly lockFile 880cc08e-pm-react-tools-0-8-0-package-tgz tar:///Users/aarondruck/.npm/react-tools/0.8.0/package.tgz
418 verbose lock tar:///Users/aarondruck/.npm/react-tools/0.8.0/package.tgz /Users/aarondruck/.npm/880cc08e-pm-react-tools-0-8-0-package-tgz.lock
419 silly gunzTarPerm modes [ '755', '644' ]
420 silly gunzTarPerm extractEntry package.json
421 silly gunzTarPerm extractEntry README.md
422 silly gunzTarPerm extractEntry main.js
423 silly gunzTarPerm extractEntry bin/jsx
424 silly gunzTarPerm extractEntry build/modules/$.js
425 silly gunzTarPerm extractEntry build/modules/ReactPropTypes.js
426 silly gunzTarPerm extractEntry build/modules/ReactReconcileTransaction.js
427 silly gunzTarPerm extractEntry build/modules/ReactServerRendering.js
428 silly gunzTarPerm extractEntry build/modules/ReactPropTransferer.js
429 silly gunzTarPerm extractEntry build/modules/ReactTextComponent.js
430 silly gunzTarPerm extractEntry build/modules/ReactTransitionEvents.js
431 silly gunzTarPerm extractEntry build/modules/ReactTransitionGroup.js
432 silly gunzTarPerm extractEntry build/modules/ReactTransitionKeySet.js
433 silly gunzTarPerm extractEntry build/modules/ReactTransitionableChild.js
434 silly gunzTarPerm extractEntry build/modules/ReactPerf.js
435 silly gunzTarPerm extractEntry build/modules/ReactUpdates.js
436 silly gunzTarPerm extractEntry build/modules/ReactOwner.js
437 silly gunzTarPerm extractEntry build/modules/ReactWithAddons.js
438 silly gunzTarPerm extractEntry build/modules/ReactMultiChildUpdateTypes.js
439 silly gunzTarPerm extractEntry build/modules/SelectEventPlugin.js
440 silly gunzTarPerm extractEntry build/modules/ReactMultiChild.js
441 silly gunzTarPerm extractEntry build/modules/SimpleEventPlugin.js
442 silly gunzTarPerm extractEntry build/modules/ReactMountReady.js
443 silly gunzTarPerm extractEntry build/modules/SyntheticClipboardEvent.js
444 silly gunzTarPerm extractEntry build/modules/ReactMount.js
445 silly gunzTarPerm extractEntry build/modules/SyntheticCompositionEvent.js
446 silly gunzTarPerm extractEntry build/modules/ReactMarkupChecksum.js
447 silly gunzTarPerm extractEntry build/modules/SyntheticEvent.js
448 silly gunzTarPerm extractEntry build/modules/ReactLink.js
449 silly gunzTarPerm extractEntry build/modules/SyntheticFocusEvent.js
450 silly gunzTarPerm extractEntry build/modules/ReactInstanceHandles.js
451 silly gunzTarPerm extractEntry build/modules/SyntheticKeyboardEvent.js
452 silly gunzTarPerm extractEntry build/modules/ReactInputSelection.js
453 silly gunzTarPerm extractEntry build/modules/SyntheticMouseEvent.js
454 silly gunzTarPerm extractEntry build/modules/ReactEventTopLevelCallback.js
455 silly gunzTarPerm extractEntry build/modules/SyntheticTouchEvent.js
456 silly gunzTarPerm extractEntry build/modules/ReactEventEmitterMixin.js
457 silly gunzTarPerm extractEntry build/modules/SyntheticUIEvent.js
458 silly gunzTarPerm extractEntry build/modules/ReactEventEmitter.js
459 silly gunzTarPerm extractEntry build/modules/SyntheticWheelEvent.js
460 silly gunzTarPerm extractEntry build/modules/ReactErrorUtils.js
461 silly gunzTarPerm extractEntry build/modules/Transaction.js
462 silly gunzTarPerm extractEntry build/modules/ReactDefaultPerf.js
463 silly gunzTarPerm extractEntry build/modules/ViewportMetrics.js
464 silly gunzTarPerm extractEntry build/modules/ReactDefaultInjection.js
465 silly gunzTarPerm extractEntry build/modules/accumulate.js
466 silly gunzTarPerm extractEntry build/modules/ReactDefaultBatchingStrategy.js
467 silly gunzTarPerm extractEntry build/modules/adler32.js
468 silly gunzTarPerm extractEntry build/modules/ReactDOMTextarea.js
469 silly gunzTarPerm extractEntry build/modules/containsNode.js
470 silly gunzTarPerm extractEntry build/modules/ReactDOMSelection.js
471 silly gunzTarPerm extractEntry build/modules/copyProperties.js
472 silly gunzTarPerm extractEntry build/modules/ReactDOMSelect.js
473 silly gunzTarPerm extractEntry build/modules/createArrayFrom.js
474 silly gunzTarPerm extractEntry build/modules/ReactDOMOption.js
475 silly gunzTarPerm extractEntry build/modules/createNodesFromMarkup.js
476 silly gunzTarPerm extractEntry build/modules/ReactDOMInput.js
477 silly gunzTarPerm extractEntry build/modules/createObjectFrom.js
478 silly gunzTarPerm extractEntry build/modules/ReactDOMIDOperations.js
479 silly gunzTarPerm extractEntry build/modules/cx.js
480 silly gunzTarPerm extractEntry build/modules/ReactDOMForm.js
481 silly gunzTarPerm extractEntry build/modules/dangerousStyleValue.js
482 silly gunzTarPerm extractEntry build/modules/ReactDOMComponent.js
483 silly gunzTarPerm extractEntry build/modules/emptyFunction.js
484 silly gunzTarPerm extractEntry build/modules/ReactDOMButton.js
485 silly gunzTarPerm extractEntry build/modules/escapeTextForBrowser.js
486 silly gunzTarPerm extractEntry build/modules/ReactDOM.js
487 silly gunzTarPerm extractEntry build/modules/ex.js
488 silly gunzTarPerm extractEntry build/modules/ReactCurrentOwner.js
489 silly gunzTarPerm extractEntry build/modules/filterAttributes.js
490 silly gunzTarPerm extractEntry build/modules/ReactCompositeComponent.js
491 silly gunzTarPerm extractEntry build/modules/flattenChildren.js
492 silly gunzTarPerm extractEntry build/modules/ReactComponentEnvironment.js
493 silly gunzTarPerm extractEntry build/modules/forEachAccumulated.js
494 silly gunzTarPerm extractEntry build/modules/ReactComponentBrowserEnvironment.js
495 silly gunzTarPerm extractEntry build/modules/ge.js
496 silly gunzTarPerm extractEntry build/modules/ReactComponent.js
497 silly gunzTarPerm extractEntry build/modules/getActiveElement.js
498 silly gunzTarPerm extractEntry build/modules/ReactChildren.js
499 silly gunzTarPerm extractEntry build/modules/getEventTarget.js
500 silly gunzTarPerm extractEntry build/modules/React.js
501 silly gunzTarPerm extractEntry build/modules/getMarkupWrap.js
502 silly gunzTarPerm extractEntry build/modules/PooledClass.js
503 silly gunzTarPerm extractEntry build/modules/getNodeForCharacterOffset.js
504 silly gunzTarPerm extractEntry build/modules/MobileSafariClickEventPlugin.js
505 silly gunzTarPerm extractEntry build/modules/getReactRootElementInContainer.js
506 silly gunzTarPerm extractEntry build/modules/LinkedValueMixin.js
507 silly gunzTarPerm extractEntry build/modules/getTextContentAccessor.js
508 silly gunzTarPerm extractEntry build/modules/LinkedStateMixin.js
509 silly gunzTarPerm extractEntry build/modules/getUnboundedScrollPosition.js
510 silly gunzTarPerm extractEntry build/modules/ExecutionEnvironment.js
511 silly gunzTarPerm extractEntry build/modules/hyphenate.js
512 silly gunzTarPerm extractEntry build/modules/EventPropagators.js
513 silly gunzTarPerm extractEntry build/modules/invariant.js
514 silly gunzTarPerm extractEntry build/modules/EventPluginUtils.js
515 silly gunzTarPerm extractEntry build/modules/isEventSupported.js
516 silly gunzTarPerm extractEntry build/modules/EventPluginRegistry.js
517 silly gunzTarPerm extractEntry build/modules/isNode.js
518 silly gunzTarPerm extractEntry build/modules/EventPluginHub.js
519 silly gunzTarPerm extractEntry build/modules/isTextInputElement.js
520 silly gunzTarPerm extractEntry build/modules/EventListener.js
521 silly gunzTarPerm extractEntry build/modules/isTextNode.js
522 silly gunzTarPerm extractEntry build/modules/EventConstants.js
523 silly gunzTarPerm extractEntry build/modules/joinClasses.js
524 silly gunzTarPerm extractEntry build/modules/EnterLeaveEventPlugin.js
525 silly gunzTarPerm extractEntry build/modules/keyMirror.js
526 silly gunzTarPerm extractEntry build/modules/DefaultEventPluginOrder.js
527 silly gunzTarPerm extractEntry build/modules/keyOf.js
528 silly gunzTarPerm extractEntry build/modules/DefaultDOMPropertyConfig.js
529 silly gunzTarPerm extractEntry build/modules/memoizeStringOnly.js
530 silly gunzTarPerm extractEntry build/modules/Danger.js
531 silly gunzTarPerm extractEntry build/modules/merge.js
532 silly gunzTarPerm extractEntry build/modules/DOMPropertyOperations.js
533 silly gunzTarPerm extractEntry build/modules/mergeHelpers.js
534 silly gunzTarPerm extractEntry build/modules/DOMProperty.js
535 silly gunzTarPerm extractEntry build/modules/mergeInto.js
536 silly gunzTarPerm extractEntry build/modules/DOMChildrenOperations.js
537 silly gunzTarPerm extractEntry build/modules/mixInto.js
538 silly gunzTarPerm extractEntry build/modules/CompositionEventPlugin.js
539 silly gunzTarPerm extractEntry build/modules/mutateHTMLNodeWithMarkup.js
540 silly gunzTarPerm extractEntry build/modules/ChangeEventPlugin.js
541 silly gunzTarPerm extractEntry build/modules/objMap.js
542 silly gunzTarPerm extractEntry build/modules/CallbackRegistry.js
543 silly gunzTarPerm extractEntry build/modules/objMapKeyVal.js
544 silly gunzTarPerm extractEntry build/modules/CSSPropertyOperations.js
545 silly gunzTarPerm extractEntry build/modules/performanceNow.js
546 silly gunzTarPerm extractEntry build/modules/CSSProperty.js
547 silly gunzTarPerm extractEntry build/modules/shallowEqual.js
548 silly gunzTarPerm extractEntry build/modules/CSSCore.js
549 silly gunzTarPerm extractEntry build/modules/traverseAllChildren.js
550 silly gunzTarPerm extractEntry build/modules/ReactStateSetters.js
551 silly gunzTarPerm extractEntry src/package.json
552 silly gunzTarPerm extractEntry src/ReactWithAddons.js
553 silly gunzTarPerm extractEntry src/event/CallbackRegistry.js
554 silly gunzTarPerm extractEntry src/event/EventConstants.js
555 silly gunzTarPerm extractEntry src/event/EventPluginHub.js
556 silly gunzTarPerm extractEntry src/event/EventPluginRegistry.js
557 silly gunzTarPerm extractEntry src/event/EventPluginUtils.js
558 silly gunzTarPerm extractEntry src/event/EventPropagators.js
559 silly gunzTarPerm extractEntry src/event/__tests__/EventPluginRegistry-test.js
560 silly gunzTarPerm extractEntry src/event/synthetic/SyntheticClipboardEvent.js
561 silly gunzTarPerm extractEntry src/event/synthetic/SyntheticCompositionEvent.js
562 silly gunzTarPerm extractEntry src/event/synthetic/SyntheticEvent.js
563 silly gunzTarPerm extractEntry src/event/synthetic/SyntheticFocusEvent.js
564 silly gunzTarPerm extractEntry src/event/synthetic/SyntheticKeyboardEvent.js
565 silly gunzTarPerm extractEntry src/event/synthetic/SyntheticMouseEvent.js
566 silly gunzTarPerm extractEntry src/event/synthetic/SyntheticTouchEvent.js
567 silly gunzTarPerm extractEntry src/event/synthetic/SyntheticUIEvent.js
568 silly gunzTarPerm extractEntry src/event/synthetic/SyntheticWheelEvent.js
569 silly gunzTarPerm extractEntry src/event/synthetic/__tests__/SyntheticEvent-test.js
570 silly gunzTarPerm extractEntry src/event/synthetic/__tests__/SyntheticWheelEvent-test.js
571 silly gunzTarPerm extractEntry src/core/React.js
572 silly gunzTarPerm extractEntry src/core/ReactDefaultInjection.js
573 silly gunzTarPerm extractEntry src/core/ReactDoNotBindDeprecated.js
574 silly gunzTarPerm extractEntry src/core/ReactEventEmitter.js
575 silly gunzTarPerm extractEntry src/core/ReactDefaultBatchingStrategy.js
576 silly gunzTarPerm extractEntry src/core/ReactComponent.js
577 silly gunzTarPerm extractEntry src/core/ReactInputSelection.js
578 silly gunzTarPerm extractEntry src/core/ReactInstanceHandles.js
579 silly gunzTarPerm extractEntry src/core/ReactMount.js
580 silly gunzTarPerm extractEntry src/core/ReactMountReady.js
581 silly gunzTarPerm extractEntry src/core/ReactDOMSelection.js
582 silly gunzTarPerm extractEntry src/core/ReactMultiChild.js
583 silly gunzTarPerm extractEntry src/core/ReactDOMIDOperations.js
584 silly gunzTarPerm extractEntry src/core/ReactMultiChildUpdateTypes.js
585 silly gunzTarPerm extractEntry src/core/ReactDOMComponent.js
586 silly gunzTarPerm extractEntry src/core/ReactOwner.js
587 silly gunzTarPerm extractEntry src/core/ReactDOM.js
588 silly gunzTarPerm extractEntry src/core/ReactPropTransferer.js
589 silly gunzTarPerm extractEntry src/core/ReactCurrentOwner.js
590 silly gunzTarPerm extractEntry src/core/ReactPropTypes.js
591 silly gunzTarPerm extractEntry src/core/ReactCompositeComponent.js
592 silly gunzTarPerm extractEntry src/core/ReactReconcileTransaction.js
593 silly gunzTarPerm extractEntry src/core/ReactComponentWithPureRenderMixin.js
594 silly gunzTarPerm extractEntry src/core/ReactStateSetters.js
595 silly gunzTarPerm extractEntry src/core/ReactComponentEnvironment.js
596 silly gunzTarPerm extractEntry src/core/ReactTextComponent.js
597 silly gunzTarPerm extractEntry src/core/ReactComponentBrowserEnvironment.js
598 silly gunzTarPerm extractEntry src/core/ReactUpdates.js
599 silly gunzTarPerm extractEntry src/core/ReactEventEmitterMixin.js
600 silly gunzTarPerm extractEntry src/core/getReactRootElementInContainer.js
601 silly gunzTarPerm extractEntry src/core/ReactEventTopLevelCallback.js
602 silly gunzTarPerm extractEntry src/core/__tests__/ReactBind-test.js
603 silly gunzTarPerm extractEntry src/core/__tests__/ReactDOMComponent-test.js
604 silly gunzTarPerm extractEntry src/core/__tests__/ReactDOMIDOperations-test.js
605 silly gunzTarPerm extractEntry src/core/__tests__/ReactEventEmitter-test.js
606 silly gunzTarPerm extractEntry src/core/__tests__/ReactIdentity-test.js
607 silly gunzTarPerm extractEntry src/core/__tests__/ReactDOM-test.js
608 silly gunzTarPerm extractEntry src/core/__tests__/ReactMount-test.js
609 silly gunzTarPerm extractEntry src/core/__tests__/ReactMountDestruction-test.js
610 silly gunzTarPerm extractEntry src/core/__tests__/ReactMultiChild-test.js
611 silly gunzTarPerm extractEntry src/core/__tests__/ReactMultiChildReconcile-test.js
612 silly gunzTarPerm extractEntry src/core/__tests__/ReactMultiChildText-test.js
613 silly gunzTarPerm extractEntry src/core/__tests__/ReactCompositeComponentState-test.js
614 silly gunzTarPerm extractEntry src/core/__tests__/ReactPropTransferer-test.js
615 silly gunzTarPerm extractEntry src/core/__tests__/ReactCompositeComponentSpec-test.js
616 silly gunzTarPerm extractEntry src/core/__tests__/ReactPropTypes-test.js
617 silly gunzTarPerm extractEntry src/core/__tests__/ReactCompositeComponentMixin-test.js
618 silly gunzTarPerm extractEntry src/core/__tests__/ReactRenderDocument-test.js
619 silly gunzTarPerm extractEntry src/core/__tests__/ReactCompositeComponentError-test.js
620 silly gunzTarPerm extractEntry src/core/__tests__/ReactStateSetters-test.js
621 silly gunzTarPerm extractEntry src/core/__tests__/ReactCompositeComponentDOMMinimalism-test.js
622 silly gunzTarPerm extractEntry src/core/__tests__/ReactTextComponent-test.js
623 silly gunzTarPerm extractEntry src/core/__tests__/ReactCompositeComponent-test.js
624 silly gunzTarPerm extractEntry src/core/__tests__/ReactUpdates-test.js
625 silly gunzTarPerm extractEntry src/core/__tests__/ReactComponentLifeCycle-test.js
626 silly gunzTarPerm extractEntry src/core/__tests__/refs-destruction-test.js
627 silly gunzTarPerm extractEntry src/core/__tests__/ReactComponent-test.js
628 silly gunzTarPerm extractEntry src/core/__tests__/refs-test.js
629 silly gunzTarPerm extractEntry src/core/__tests__/ReactInstanceHandles-test.js
630 silly gunzTarPerm extractEntry src/dom/CSSProperty.js
631 silly gunzTarPerm extractEntry src/dom/DOMPropertyOperations.js
632 silly gunzTarPerm extractEntry src/dom/Danger.js
633 silly gunzTarPerm extractEntry src/dom/DefaultDOMPropertyConfig.js
634 silly gunzTarPerm extractEntry src/dom/ViewportMetrics.js
635 silly gunzTarPerm extractEntry src/dom/DOMProperty.js
636 silly gunzTarPerm extractEntry src/dom/isEventSupported.js
637 silly gunzTarPerm extractEntry src/dom/dangerousStyleValue.js
638 silly gunzTarPerm extractEntry src/dom/filterAttributes.js
639 silly gunzTarPerm extractEntry src/dom/getEventTarget.js
640 silly gunzTarPerm extractEntry src/dom/getNodeForCharacterOffset.js
641 silly gunzTarPerm extractEntry src/dom/DOMChildrenOperations.js
642 silly gunzTarPerm extractEntry src/dom/getTextContentAccessor.js
643 silly gunzTarPerm extractEntry src/dom/CSSPropertyOperations.js
644 silly gunzTarPerm extractEntry src/dom/mutateHTMLNodeWithMarkup.js
645 silly gunzTarPerm extractEntry src/dom/components/LinkedValueMixin.js
646 silly gunzTarPerm extractEntry src/dom/components/ReactDOMButton.js
647 silly gunzTarPerm extractEntry src/dom/components/ReactDOMForm.js
648 silly gunzTarPerm extractEntry src/dom/components/ReactDOMInput.js
649 silly gunzTarPerm extractEntry src/dom/components/ReactDOMOption.js
650 silly gunzTarPerm extractEntry src/dom/components/ReactDOMSelect.js
651 silly gunzTarPerm extractEntry src/dom/components/ReactDOMTextarea.js
652 silly gunzTarPerm extractEntry src/dom/components/__tests__/ReactDOMButton-test.js
653 silly gunzTarPerm extractEntry src/dom/components/__tests__/ReactDOMInput-test.js
654 silly gunzTarPerm extractEntry src/dom/components/__tests__/ReactDOMSelect-test.js
655 silly gunzTarPerm extractEntry src/dom/components/__tests__/ReactDOMTextarea-test.js
656 silly gunzTarPerm extractEntry src/dom/__tests__/CSSPropertyOperations-test.js
657 silly gunzTarPerm extractEntry src/dom/__tests__/DOMPropertyOperations-test.js
658 silly gunzTarPerm extractEntry src/dom/__tests__/Danger-test.js
659 silly gunzTarPerm extractEntry src/dom/__tests__/getNodeForCharacterOffset-test.js
660 silly gunzTarPerm extractEntry src/dom/__tests__/mutateHTMLNodeWithMarkup-test.js
661 silly gunzTarPerm extractEntry src/environment/ReactMarkupChecksum.js
662 silly gunzTarPerm extractEntry src/environment/ReactServerRendering.js
663 silly gunzTarPerm extractEntry src/environment/__tests__/ReactServerRendering-test.js
664 silly gunzTarPerm extractEntry src/environment/__tests__/ReactWebWorker-test.js
665 silly gunzTarPerm extractEntry src/.jshintrc
666 silly gunzTarPerm extractEntry src/eventPlugins/AnalyticsEventPluginFactory.js
667 silly gunzTarPerm extractEntry src/eventPlugins/CompositionEventPlugin.js
668 silly gunzTarPerm extractEntry src/eventPlugins/DefaultEventPluginOrder.js
669 silly gunzTarPerm extractEntry src/eventPlugins/EnterLeaveEventPlugin.js
670 silly gunzTarPerm extractEntry src/eventPlugins/ChangeEventPlugin.js
671 silly gunzTarPerm extractEntry src/eventPlugins/ResponderEventPlugin.js
672 silly gunzTarPerm extractEntry src/eventPlugins/SelectEventPlugin.js
673 silly gunzTarPerm extractEntry src/eventPlugins/SimpleEventPlugin.js
674 silly gunzTarPerm extractEntry src/eventPlugins/TapEventPlugin.js
675 silly gunzTarPerm extractEntry src/eventPlugins/MobileSafariClickEventPlugin.js
676 silly gunzTarPerm extractEntry src/eventPlugins/__tests__/AnalyticsEventPlugin-test.js
677 silly gunzTarPerm extractEntry src/eventPlugins/__tests__/ResponderEventPlugin-test.js
678 silly gunzTarPerm extractEntry src/addons/link/LinkedStateMixin.js
679 silly gunzTarPerm extractEntry src/addons/link/ReactLink.js
680 silly gunzTarPerm extractEntry src/addons/link/__tests__/LinkedStateMixin-test.js
681 silly gunzTarPerm extractEntry src/addons/transitions/ReactTransitionEvents.js
682 silly gunzTarPerm extractEntry src/addons/transitions/ReactTransitionGroup.js
683 silly gunzTarPerm extractEntry src/addons/transitions/ReactTransitionKeySet.js
684 silly gunzTarPerm extractEntry src/addons/transitions/ReactTransitionableChild.js
685 silly gunzTarPerm extractEntry src/addons/transitions/__tests__/ReactTransitionGroup-test.js
686 silly gunzTarPerm extractEntry src/addons/transitions/__tests__/ReactTransitionKeySet-test.js
687 silly gunzTarPerm extractEntry src/addons/transitions/__tests__/ReactTransitionableChild-test.js
688 silly gunzTarPerm extractEntry src/test/ReactDefaultPerf.js
689 silly gunzTarPerm extractEntry src/test/ReactTestUtils.js
690 silly gunzTarPerm extractEntry src/test/all.js
691 silly gunzTarPerm extractEntry src/test/getTestDocument.js
692 silly gunzTarPerm extractEntry src/test/mock-modules.js
693 silly gunzTarPerm extractEntry src/test/ReactPerf.js
694 silly gunzTarPerm extractEntry src/test/mocks.js
695 silly gunzTarPerm extractEntry src/test/performanceNow.js
696 silly gunzTarPerm extractEntry src/test/phantomjs-shims.js
697 silly gunzTarPerm extractEntry src/test/reactComponentExpect.js
698 silly gunzTarPerm extractEntry src/test/worker.js
699 silly gunzTarPerm extractEntry src/test/mock-timers.js
700 silly gunzTarPerm extractEntry src/utils/ImmutableObject.js
701 silly gunzTarPerm extractEntry src/utils/flattenChildren.js
702 silly gunzTarPerm extractEntry src/utils/forEachAccumulated.js
703 silly gunzTarPerm extractEntry src/utils/isTextInputElement.js
704 silly gunzTarPerm extractEntry src/utils/escapeTextForBrowser.js
705 silly gunzTarPerm extractEntry src/utils/OrderedMap.js
706 silly gunzTarPerm extractEntry src/utils/memoizeStringOnly.js
707 silly gunzTarPerm extractEntry src/utils/merge.js
708 silly gunzTarPerm extractEntry src/utils/mergeDeep.js
709 silly gunzTarPerm extractEntry src/utils/mergeDeepInto.js
710 silly gunzTarPerm extractEntry src/utils/adler32.js
711 silly gunzTarPerm extractEntry src/utils/mergeHelpers.js
712 silly gunzTarPerm extractEntry src/utils/accumulate.js
713 silly gunzTarPerm extractEntry src/utils/mergeInto.js
714 silly gunzTarPerm extractEntry src/utils/sliceChildren.js
715 silly gunzTarPerm extractEntry src/utils/mixInto.js
716 silly gunzTarPerm extractEntry src/utils/Transaction.js
717 silly gunzTarPerm extractEntry src/utils/objMapKeyVal.js
718 silly gunzTarPerm extractEntry src/utils/ReactChildren.js
719 silly gunzTarPerm extractEntry src/utils/onlyChild.js
720 silly gunzTarPerm extractEntry src/utils/PooledClass.js
721 silly gunzTarPerm extractEntry src/utils/shallowEqual.js
722 silly gunzTarPerm extractEntry src/utils/joinClasses.js
723 silly gunzTarPerm extractEntry src/utils/traverseAllChildren.js
724 silly gunzTarPerm extractEntry src/utils/keyMirror.js
725 silly gunzTarPerm extractEntry src/utils/__tests__/ImmutableObject-test.js
726 silly gunzTarPerm extractEntry src/utils/__tests__/ReactChildren-test.js
727 silly gunzTarPerm extractEntry src/utils/__tests__/Transaction-test.js
728 silly gunzTarPerm extractEntry src/utils/__tests__/escapeTextForBrowser-test.js
729 silly gunzTarPerm extractEntry src/utils/__tests__/joinClasses-test.js
730 silly gunzTarPerm extractEntry src/utils/__tests__/OrderedMap-test.js
731 silly gunzTarPerm extractEntry src/utils/__tests__/memoizeStringOnly-test.js
732 silly gunzTarPerm extractEntry src/utils/__tests__/mergeFuncs-test.js
733 silly gunzTarPerm extractEntry src/utils/__tests__/onlyChild-test.js
734 silly gunzTarPerm extractEntry src/utils/__tests__/sliceChildren-test.js
735 silly gunzTarPerm extractEntry src/utils/__tests__/traverseAllChildren-test.js
736 silly gunzTarPerm extractEntry src/utils/__tests__/keyMirror-test.js
737 silly gunzTarPerm extractEntry src/vendor/core/$.js
738 silly gunzTarPerm extractEntry src/vendor/core/copyProperties.js
739 silly gunzTarPerm extractEntry src/vendor/core/createArrayFrom.js
740 silly gunzTarPerm extractEntry src/vendor/core/createNodesFromMarkup.js
741 silly gunzTarPerm extractEntry src/vendor/core/createObjectFrom.js
742 silly gunzTarPerm extractEntry src/vendor/core/TouchEventUtils.js
743 silly gunzTarPerm extractEntry src/vendor/core/emptyFunction.js
744 silly gunzTarPerm extractEntry src/vendor/core/ge.js
745 silly gunzTarPerm extractEntry src/vendor/core/getMarkupWrap.js
746 silly gunzTarPerm extractEntry src/vendor/core/hyphenate.js
747 silly gunzTarPerm extractEntry src/vendor/core/invariant.js
748 silly gunzTarPerm extractEntry src/vendor/core/ExecutionEnvironment.js
749 silly gunzTarPerm extractEntry src/vendor/core/keyOf.js
750 silly gunzTarPerm extractEntry src/vendor/core/CSSCore.js
751 silly gunzTarPerm extractEntry src/vendor/core/objMap.js
752 silly gunzTarPerm extractEntry src/vendor/core/dom/containsNode.js
753 silly gunzTarPerm extractEntry src/vendor/core/dom/getActiveElement.js
754 silly gunzTarPerm extractEntry src/vendor/core/dom/getUnboundedScrollPosition.js
755 silly gunzTarPerm extractEntry src/vendor/core/dom/isNode.js
756 silly gunzTarPerm extractEntry src/vendor/core/dom/isTextNode.js
757 silly gunzTarPerm extractEntry src/vendor/error/erx.js
758 silly gunzTarPerm extractEntry src/vendor/error/ex.js
759 silly gunzTarPerm extractEntry src/vendor/error/__tests__/erx-test.js
760 silly gunzTarPerm extractEntry src/vendor/error/__tests__/ex-test.js
761 silly gunzTarPerm extractEntry src/vendor/stubs/README
762 silly gunzTarPerm extractEntry src/vendor/stubs/Env.js
763 silly gunzTarPerm extractEntry src/vendor/stubs/EventListener.js
764 silly gunzTarPerm extractEntry src/vendor/stubs/ReactErrorUtils.js
765 silly gunzTarPerm extractEntry src/vendor/stubs/URI.js
766 silly gunzTarPerm extractEntry src/vendor/stubs/cx.js
767 silly gunzTarPerm extractEntry vendor/constants.js
768 silly gunzTarPerm extractEntry vendor/fbtransform/syntax.js
769 silly gunzTarPerm extractEntry vendor/fbtransform/visitors.js
770 silly gunzTarPerm extractEntry vendor/fbtransform/transforms/react.js
771 silly gunzTarPerm extractEntry vendor/fbtransform/transforms/reactDisplayName.js
772 silly gunzTarPerm extractEntry vendor/fbtransform/transforms/xjs.js
773 silly lockFile 97a21c82-ck-npm-react-tools-0-8-0-package tar:///Users/aarondruck/.npm/react-tools/0.8.0/package
774 silly lockFile 97a21c82-ck-npm-react-tools-0-8-0-package tar:///Users/aarondruck/.npm/react-tools/0.8.0/package
775 silly lockFile 880cc08e-pm-react-tools-0-8-0-package-tgz tar:///Users/aarondruck/.npm/react-tools/0.8.0/package.tgz
776 silly lockFile 880cc08e-pm-react-tools-0-8-0-package-tgz tar:///Users/aarondruck/.npm/react-tools/0.8.0/package.tgz
777 verbose chmod /Users/aarondruck/.npm/react-tools/0.8.0/package.tgz 644
778 verbose chown /Users/aarondruck/.npm/react-tools/0.8.0/package.tgz [ 501, 20 ]
779 silly lockFile 78d8f596-eact-tools-react-tools-0-8-0-tgz https://registry.npmjs.org/react-tools/-/react-tools-0.8.0.tgz
780 silly lockFile 78d8f596-eact-tools-react-tools-0-8-0-tgz https://registry.npmjs.org/react-tools/-/react-tools-0.8.0.tgz
781 silly lockFile e35b230d-react-tools-0-8-0 react-tools@0.8.0
782 silly lockFile e35b230d-react-tools-0-8-0 react-tools@0.8.0
783 silly lockFile 47fcd5e0-react-tools react-tools@
784 silly lockFile 47fcd5e0-react-tools react-tools@
785 silly resolved [ { name: 'react-tools',
785 silly resolved     version: '0.8.0',
785 silly resolved     keywords: [ 'react', 'jsx', 'transformer', 'view' ],
785 silly resolved     homepage: 'http://facebook.github.io/react',
785 silly resolved     bugs: { url: 'https://github.com/facebook/react/issues' },
785 silly resolved     licenses: [ [Object] ],
785 silly resolved     files:
785 silly resolved      [ 'README.md',
785 silly resolved        'main.js',
785 silly resolved        'bin/jsx',
785 silly resolved        'build/modules/',
785 silly resolved        'src/',
785 silly resolved        'vendor/fbtransform/',
785 silly resolved        'vendor/constants.js' ],
785 silly resolved     main: 'main.js',
785 silly resolved     bin: { jsx: './bin/jsx' },
785 silly resolved     repository: { type: 'git', url: 'https://github.com/facebook/react' },
785 silly resolved     scripts: { test: 'grunt build && grunt test' },
785 silly resolved     dependencies:
785 silly resolved      { commoner: '~0.8.8',
785 silly resolved        'esprima-fb': '~2001.1001.0-dev-harmony-fb',
785 silly resolved        jstransform: '~2.0.1' },
785 silly resolved     devDependencies:
785 silly resolved      { browserify: '~2.36.1',
785 silly resolved        wrapup: '~0.12.0',
785 silly resolved        envify: '~0.2.0',
785 silly resolved        populist: '~0.1.5',
785 silly resolved        'grunt-cli': '~0.1.9',
785 silly resolved        grunt: '~0.4.1',
785 silly resolved        'grunt-contrib-copy': '~0.4.1',
785 silly resolved        'grunt-contrib-jshint': '~0.6.0',
785 silly resolved        optimist: '~0.6.0',
785 silly resolved        phantomjs: '~1.9',
785 silly resolved        recast: '~0.4.24',
785 silly resolved        semver: '~2.2.1',
785 silly resolved        'uglify-js': '~2.4.0',
785 silly resolved        'grunt-contrib-clean': '~0.5.0',
785 silly resolved        'grunt-compare-size': '~0.4.0',
785 silly resolved        'gzip-js': '~0.3.2',
785 silly resolved        tmp: '~0.0.18',
785 silly resolved        'grunt-contrib-compress': '~0.5.1' },
785 silly resolved     engines: { node: '>=0.10.0' },
785 silly resolved     preferGlobal: true,
785 silly resolved     readme: '# [React](http://facebook.github.io/react) [![Build Status](https://travis-ci.org/facebook/react.png?branch=master)](https://travis-ci.org/facebook/react)\n\nReact is a JavaScript library for building user interfaces.\n\n* **Just the UI:** Lots of people use React as the V in MVC. Since React makes no assumptions about the rest of your technology stack, it\'s easy to try it out on a small feature in an existing project.\n* **Virtual DOM:** React uses a *virtual DOM* diff implementation for ultra-high performance. It can also render on the server using Node.js  no heavy browser DOM required.\n* **Data flow:** React implements one-way reactive data flow which reduces boilerplate and is easier to reason about than traditional data binding.\n\n[Learn how to use React in your own project.](http://facebook.github.io/react/docs/getting-started.html)\n\n## The `react` npm package has recently changed!\n\nIf you\'re looking for jeffbski\'s [React.js](https://github.com/jeffbski/react) project, it\'s now in `npm` as `reactjs` rather than `react`.\n\n## Examples\n\nWe have several examples [on the website](http://facebook.github.io/react/). Here is the first one to get you started:\n\n```js\n/** @jsx React.DOM */\nvar HelloMessage = React.createClass({\n  render: function() {\n    return <div>Hello {this.props.name}</div>;\n  }\n});\n\nReact.renderComponent(\n  <HelloMessage name="John" />,\n  document.getElementById(\'container\')\n);\n```\n\nThis example will render "Hello John" into a container on the page.\n\nYou\'ll notice that we used an XML-like syntax; [we call it JSX](http://facebook.github.io/react/docs/jsx-in-depth.html). JSX is not required to use React, but it makes code more readable, and writing it feels like writing HTML. A simple transform is included with React that allows converting JSX into native JavaScript for browsers to digest.\n\n## Installation\n\nThe fastest way to get started is to serve JavaScript from the CDN (also available on [CDNJS](http://cdnjs.com/#react)):\n\n```html\n<!-- The core React library -->\n<script src="http://fb.me/react-0.8.0.js"></script>\n<!-- In-browser JSX transformer, remove when pre-compiling JSX. -->\n<script src="http://fb.me/JSXTransformer-0.8.0.js"></script>\n```\n\nWe\'ve also built a [starter kit](http://facebook.github.io/react/downloads/react-0.8.0.zip) which might be useful if this is your first time using React. It includes a webpage with an example of using React with live code.\n\nIf you\'d like to use [bower](http://bower.io), it\'s as easy as:\n\n```sh\nbower install --save react\n```\n\n## Contribute\n\nThe main purpose of this repository is to continue to evolve React core, making it faster and easier to use. If you\'re interested in helping with that, then keep reading. If you\'re not interested in helping right now that\'s ok too. :) Any feedback you have about using React would be greatly appreciated.\n\n### Building Your Copy of React\n\nThe process to build `react.js` is built entirely on top of node.js, using many libraries you may already be familiar with.\n\n#### Prerequisites\n\n* You have `node` installed at v0.10.0+ (it might work at lower versions, we just haven\'t tested).\n* You are familiar with `npm` and know whether or not you need to use `sudo` when installing packages globally.\n* You are familiar with `git`.\n\n#### Build\n\nOnce you have the repository cloned, building a copy of `react.js` is really easy.\n\n```sh\n# grunt-cli is needed by grunt; you might have this installed already\nnpm install -g grunt-cli\nnpm install\ngrunt build\n```\n\nAt this point, you should now have a `build/` directory populated with everything you need to use React. The examples should all work.\n\n### Grunt\n\nWe use grunt to automate many tasks. Run `grunt -h` to see a mostly complete listing. The important ones to know:\n\n```sh\n# Build and run tests with PhantomJS\ngrunt test\n# Lint the code with JSHint\ngrunt lint\n# Wipe out build directory\ngrunt clean\n```\n\n### More\n\nThere\'s only so much we can cram in here. To read more about the community and guidelines for submitting pull requests, please read the [Contributing document](CONTRIBUTING.md).\n',
785 silly resolved     readmeFilename: 'README.md',
785 silly resolved     description: 'React is a JavaScript library for building user interfaces.',
785 silly resolved     _id: 'react-tools@0.8.0',
785 silly resolved     dist: { shasum: 'f9b10c402f688972e1253284065796b288b9cccf' },
785 silly resolved     _from: 'react-tools@',
785 silly resolved     _resolved: 'https://registry.npmjs.org/react-tools/-/react-tools-0.8.0.tgz' } ]
786 info install react-tools@0.8.0 into /usr/local/lib
787 info installOne react-tools@0.8.0
788 info /usr/local/lib/node_modules/react-tools unbuild
789 verbose tar unpack /Users/aarondruck/.npm/react-tools/0.8.0/package.tgz
790 silly lockFile 5a40cc9f-cal-lib-node-modules-react-tools tar:///usr/local/lib/node_modules/react-tools
791 verbose lock tar:///usr/local/lib/node_modules/react-tools /Users/aarondruck/.npm/5a40cc9f-cal-lib-node-modules-react-tools.lock
792 silly lockFile 880cc08e-pm-react-tools-0-8-0-package-tgz tar:///Users/aarondruck/.npm/react-tools/0.8.0/package.tgz
793 verbose lock tar:///Users/aarondruck/.npm/react-tools/0.8.0/package.tgz /Users/aarondruck/.npm/880cc08e-pm-react-tools-0-8-0-package-tgz.lock
794 silly gunzTarPerm modes [ '755', '644' ]
795 error Error: EACCES, mkdir '/usr/local/lib/node_modules/react-tools'
795 error  { [Error: EACCES, mkdir '/usr/local/lib/node_modules/react-tools']
795 error   errno: 3,
795 error   code: 'EACCES',
795 error   path: '/usr/local/lib/node_modules/react-tools',
795 error   fstream_type: 'Directory',
795 error   fstream_path: '/usr/local/lib/node_modules/react-tools',
795 error   fstream_class: 'DirWriter',
795 error   fstream_stack:
795 error    [ '/usr/local/lib/node_modules/npm/node_modules/fstream/lib/dir-writer.js:36:23',
795 error      '/usr/local/lib/node_modules/npm/node_modules/mkdirp/index.js:37:53',
795 error      'Object.oncomplete (fs.js:107:15)' ] }
796 error Please try running this command again as root/Administrator.
797 error System Darwin 13.0.0
798 error command "node" "/usr/local/bin/npm" "install" "-g" "react-tools"
799 error cwd /Users/aarondruck/Documents/Git/hotdish/bin
800 error node -v v0.10.24
801 error npm -v 1.3.21
802 error path /usr/local/lib/node_modules/react-tools
803 error fstream_path /usr/local/lib/node_modules/react-tools
804 error fstream_type Directory
805 error fstream_class DirWriter
806 error code EACCES
807 error errno 3
808 error stack Error: EACCES, mkdir '/usr/local/lib/node_modules/react-tools'
809 error fstream_stack /usr/local/lib/node_modules/npm/node_modules/fstream/lib/dir-writer.js:36:23
809 error fstream_stack /usr/local/lib/node_modules/npm/node_modules/mkdirp/index.js:37:53
809 error fstream_stack Object.oncomplete (fs.js:107:15)
810 verbose exit [ 3, true ]
